<?xml version="1.0" encoding="UTF-8"?>
<robot generator="Robot 3.2.1 (Python 3.8.3 on win32)" generated="20201104 11:34:30.111" rpa="false">
<suite id="s1" name="LoginTest" source="C:\development\robotScripts\ZeroBankRobot\tests\LoginTest.robot">
<test id="s1-t1" name="Login With Valid Credentials">
<kw name="Start Web Application" library="CommonWeb" type="setup">
<kw name="Open Browser" library="SeleniumLibrary">
<doc>Opens a new browser instance to the optional ``url``.</doc>
<arguments>
<arg>${url}</arg>
<arg>${browser}</arg>
</arguments>
<msg timestamp="20201104 11:34:30.266" level="INFO">Opening browser 'chrome' to base url 'http://zero.webappsecurity.com/login.html'.</msg>
<status status="PASS" starttime="20201104 11:34:30.266" endtime="20201104 11:34:34.447"></status>
</kw>
<kw name="Maximize Browser Window" library="SeleniumLibrary">
<doc>Maximizes current browser window.</doc>
<status status="PASS" starttime="20201104 11:34:34.448" endtime="20201104 11:34:36.596"></status>
</kw>
<status status="PASS" starttime="20201104 11:34:30.266" endtime="20201104 11:34:36.596"></status>
</kw>
<kw name="LoginValidCreds">
<arguments>
<arg>${username}</arg>
<arg>${password}</arg>
</arguments>
<kw name="Input Login" library="Login">
<arguments>
<arg>${username}</arg>
</arguments>
<kw name="Input Text" library="SeleniumLibrary">
<doc>Types the given ``text`` into the text field identified by ``locator``.</doc>
<arguments>
<arg>${LoginPageUserNameElement}</arg>
<arg>${username}</arg>
</arguments>
<msg timestamp="20201104 11:34:36.596" level="INFO">Typing text 'username' into text field 'id=user_login'.</msg>
<status status="PASS" starttime="20201104 11:34:36.596" endtime="20201104 11:34:36.655"></status>
</kw>
<status status="PASS" starttime="20201104 11:34:36.596" endtime="20201104 11:34:36.655"></status>
</kw>
<kw name="Input Password" library="Login">
<arguments>
<arg>${password}</arg>
</arguments>
<kw name="Input Text" library="SeleniumLibrary">
<doc>Types the given ``text`` into the text field identified by ``locator``.</doc>
<arguments>
<arg>${LoginPagePasswordElement}</arg>
<arg>${password}</arg>
</arguments>
<msg timestamp="20201104 11:34:36.656" level="INFO">Typing text 'password' into text field 'id=user_password'.</msg>
<status status="PASS" starttime="20201104 11:34:36.656" endtime="20201104 11:34:36.723"></status>
</kw>
<status status="PASS" starttime="20201104 11:34:36.655" endtime="20201104 11:34:36.723"></status>
</kw>
<kw name="Sign In" library="Login">
<kw name="Press Keys" library="SeleniumLibrary">
<doc>Simulates the user pressing key(s) to an element or on the active browser.</doc>
<arguments>
<arg>${LoginPageSubmitButton}</arg>
<arg>[Return]</arg>
</arguments>
<msg timestamp="20201104 11:34:36.723" level="INFO">Sending key(s) ('[Return]',) to name=submit element.</msg>
<msg timestamp="20201104 11:34:38.335" level="INFO">Sending keys [Return]</msg>
<status status="PASS" starttime="20201104 11:34:36.723" endtime="20201104 11:34:38.345"></status>
</kw>
<kw name="Wait Until Element Is Visible" library="SeleniumLibrary">
<doc>Waits until the element ``locator`` is visible.</doc>
<arguments>
<arg>xpath=//a[normalize-space()='Account Summary']</arg>
</arguments>
<status status="PASS" starttime="20201104 11:34:38.345" endtime="20201104 11:34:38.366"></status>
</kw>
<kw name="Title Should Be" library="SeleniumLibrary">
<doc>Verifies that the current page title equals ``title``.</doc>
<arguments>
<arg>${title}</arg>
</arguments>
<msg timestamp="20201104 11:34:38.370" level="INFO">Page title is 'Zero - Account Summary'.</msg>
<status status="PASS" starttime="20201104 11:34:38.366" endtime="20201104 11:34:38.370"></status>
</kw>
<status status="PASS" starttime="20201104 11:34:36.723" endtime="20201104 11:34:38.370"></status>
</kw>
<status status="PASS" starttime="20201104 11:34:36.596" endtime="20201104 11:34:38.371"></status>
</kw>
<kw name="Verify The UserName" library="Login">
<kw name="Get Text" library="SeleniumLibrary">
<doc>Returns the text value of the element identified by ``locator``.</doc>
<arguments>
<arg>${MainPageUserName}</arg>
</arguments>
<assign>
<var>${name}</var>
</assign>
<msg timestamp="20201104 11:34:38.394" level="INFO">${name} = username</msg>
<status status="PASS" starttime="20201104 11:34:38.371" endtime="20201104 11:34:38.394"></status>
</kw>
<kw name="Should Be Equal" library="BuiltIn">
<doc>Fails if the given objects are unequal.</doc>
<arguments>
<arg>${name}</arg>
<arg>${username}</arg>
</arguments>
<status status="PASS" starttime="20201104 11:34:38.394" endtime="20201104 11:34:38.394"></status>
</kw>
<status status="PASS" starttime="20201104 11:34:38.371" endtime="20201104 11:34:38.395"></status>
</kw>
<kw name="Navigate through the modules" library="CommonWeb">
<arguments>
<arg>Account Activity</arg>
</arguments>
<kw name="Click Element" library="SeleniumLibrary">
<doc>Click the element identified by ``locator``.</doc>
<arguments>
<arg>xpath=//a[normalize-space()='${modulesName}']</arg>
</arguments>
<msg timestamp="20201104 11:34:38.395" level="INFO">Clicking element 'xpath=//a[normalize-space()='Account Activity']'.</msg>
<status status="PASS" starttime="20201104 11:34:38.395" endtime="20201104 11:34:39.242"></status>
</kw>
<status status="PASS" starttime="20201104 11:34:38.395" endtime="20201104 11:34:39.242"></status>
</kw>
<kw name="Logout WebPage" library="CommonWeb">
<kw name="Click Element" library="SeleniumLibrary">
<doc>Click the element identified by ``locator``.</doc>
<arguments>
<arg>${MainPageUserName}</arg>
</arguments>
<msg timestamp="20201104 11:34:39.243" level="INFO">Clicking element 'css=li.dropdown:nth-child(3) &gt; a'.</msg>
<status status="PASS" starttime="20201104 11:34:39.243" endtime="20201104 11:34:39.279"></status>
</kw>
<kw name="Click Element" library="SeleniumLibrary">
<doc>Click the element identified by ``locator``.</doc>
<arguments>
<arg>${MainPageLogOut}</arg>
</arguments>
<msg timestamp="20201104 11:34:39.279" level="INFO">Clicking element '//a[normalize-space()='Logout']'.</msg>
<status status="PASS" starttime="20201104 11:34:39.279" endtime="20201104 11:34:40.541"></status>
</kw>
<status status="PASS" starttime="20201104 11:34:39.243" endtime="20201104 11:34:40.541"></status>
</kw>
<kw name="Sleep" library="BuiltIn">
<doc>Pauses the test executed for the given time.</doc>
<arguments>
<arg>2</arg>
</arguments>
<msg timestamp="20201104 11:34:42.549" level="INFO">Slept 2 seconds</msg>
<status status="PASS" starttime="20201104 11:34:40.541" endtime="20201104 11:34:42.549"></status>
</kw>
<kw name="End Web Application" library="CommonWeb" type="teardown">
<kw name="Close All Browsers" library="SeleniumLibrary">
<doc>Closes all open browsers and resets the browser cache.</doc>
<status status="PASS" starttime="20201104 11:34:42.550" endtime="20201104 11:34:45.254"></status>
</kw>
<status status="PASS" starttime="20201104 11:34:42.550" endtime="20201104 11:34:45.254"></status>
</kw>
<status status="PASS" starttime="20201104 11:34:30.266" endtime="20201104 11:34:45.254" critical="yes"></status>
</test>
<status status="PASS" starttime="20201104 11:34:30.114" endtime="20201104 11:34:45.257"></status>
</suite>
<statistics>
<total>
<stat pass="1" fail="0">Critical Tests</stat>
<stat pass="1" fail="0">All Tests</stat>
</total>
<tag>
</tag>
<suite>
<stat pass="1" fail="0" id="s1" name="LoginTest">LoginTest</stat>
</suite>
</statistics>
<errors>
<msg timestamp="20201104 11:34:30.266" level="ERROR">Error in file 'C:\development\robotScripts\ZeroBankRobot\Resources\CommonWeb.robot' on line 3: Variable file '..\Webelements.py' does not exist.</msg>
</errors>
</robot>
