<?xml version="1.0" encoding="UTF-8"?>
<robot generator="Robot 3.2.1 (Python 3.8.3 on win32)" generated="20201104 17:33:51.959" rpa="false">
<suite id="s1" name="LoginTest" source="C:\development\robotScripts\ZeroBankRobot\tests\LoginTest.robot">
<test id="s1-t1" name="Login With Valid Credentials">
<kw name="Start Web Application" library="CommonWeb" type="setup">
<kw name="Open Browser" library="SeleniumLibrary">
<doc>Opens a new browser instance to the optional ``url``.</doc>
<arguments>
<arg>${url}</arg>
<arg>${browser}</arg>
</arguments>
<msg timestamp="20201104 17:33:52.135" level="INFO">Opening browser 'chrome' to base url 'http://zero.webappsecurity.com/login.html'.</msg>
<status status="PASS" starttime="20201104 17:33:52.134" endtime="20201104 17:33:56.429"></status>
</kw>
<kw name="Maximize Browser Window" library="SeleniumLibrary">
<doc>Maximizes current browser window.</doc>
<status status="PASS" starttime="20201104 17:33:56.429" endtime="20201104 17:33:58.544"></status>
</kw>
<status status="PASS" starttime="20201104 17:33:52.134" endtime="20201104 17:33:58.544"></status>
</kw>
<kw name="LoginValidCreds">
<arguments>
<arg>${username}</arg>
<arg>${password}</arg>
</arguments>
<kw name="Input Login" library="Login">
<arguments>
<arg>${username}</arg>
</arguments>
<kw name="Input Text" library="SeleniumLibrary">
<doc>Types the given ``text`` into the text field identified by ``locator``.</doc>
<arguments>
<arg>${LoginPageUserNameElement}</arg>
<arg>${username}</arg>
</arguments>
<msg timestamp="20201104 17:33:58.546" level="INFO">Typing text 'username' into text field 'id=user_login'.</msg>
<status status="PASS" starttime="20201104 17:33:58.545" endtime="20201104 17:33:58.609"></status>
</kw>
<status status="PASS" starttime="20201104 17:33:58.545" endtime="20201104 17:33:58.610"></status>
</kw>
<kw name="Input Password" library="Login">
<arguments>
<arg>${password}</arg>
</arguments>
<kw name="Input Text" library="SeleniumLibrary">
<doc>Types the given ``text`` into the text field identified by ``locator``.</doc>
<arguments>
<arg>${LoginPagePasswordElement}</arg>
<arg>${password}</arg>
</arguments>
<msg timestamp="20201104 17:33:58.610" level="INFO">Typing text 'password' into text field 'id=user_password'.</msg>
<status status="PASS" starttime="20201104 17:33:58.610" endtime="20201104 17:33:58.680"></status>
</kw>
<status status="PASS" starttime="20201104 17:33:58.610" endtime="20201104 17:33:58.680"></status>
</kw>
<kw name="Sign In" library="Login">
<kw name="Press Keys" library="SeleniumLibrary">
<doc>Simulates the user pressing key(s) to an element or on the active browser.</doc>
<arguments>
<arg>${LoginPageSubmitButton}</arg>
<arg>[Return]</arg>
</arguments>
<msg timestamp="20201104 17:33:58.681" level="INFO">Sending key(s) ('[Return]',) to name=submit element.</msg>
<msg timestamp="20201104 17:34:00.214" level="INFO">Sending keys [Return]</msg>
<status status="PASS" starttime="20201104 17:33:58.680" endtime="20201104 17:34:00.227"></status>
</kw>
<kw name="Wait Until Element Is Visible" library="SeleniumLibrary">
<doc>Waits until the element ``locator`` is visible.</doc>
<arguments>
<arg>xpath=//a[normalize-space()='Account Summary']</arg>
</arguments>
<status status="PASS" starttime="20201104 17:34:00.228" endtime="20201104 17:34:00.252"></status>
</kw>
<kw name="Title Should Be" library="SeleniumLibrary">
<doc>Verifies that the current page title equals ``title``.</doc>
<arguments>
<arg>${title}</arg>
</arguments>
<msg timestamp="20201104 17:34:00.258" level="INFO">Page title is 'Zero - Account Summary'.</msg>
<status status="PASS" starttime="20201104 17:34:00.253" endtime="20201104 17:34:00.258"></status>
</kw>
<status status="PASS" starttime="20201104 17:33:58.680" endtime="20201104 17:34:00.258"></status>
</kw>
<status status="PASS" starttime="20201104 17:33:58.545" endtime="20201104 17:34:00.258"></status>
</kw>
<kw name="Verify The UserName" library="Login">
<kw name="Get Text" library="SeleniumLibrary">
<doc>Returns the text value of the element identified by ``locator``.</doc>
<arguments>
<arg>${MainPageUserName}</arg>
</arguments>
<assign>
<var>${name}</var>
</assign>
<msg timestamp="20201104 17:34:00.281" level="INFO">${name} = username</msg>
<status status="PASS" starttime="20201104 17:34:00.259" endtime="20201104 17:34:00.281"></status>
</kw>
<kw name="Should Be Equal" library="BuiltIn">
<doc>Fails if the given objects are unequal.</doc>
<arguments>
<arg>${name}</arg>
<arg>${username}</arg>
</arguments>
<status status="PASS" starttime="20201104 17:34:00.281" endtime="20201104 17:34:00.281"></status>
</kw>
<status status="PASS" starttime="20201104 17:34:00.258" endtime="20201104 17:34:00.281"></status>
</kw>
<kw name="Get All Headers" library="AccountSummary">
<kw name="Get WebElements" library="SeleniumLibrary">
<doc>Returns a list of WebElement objects matching the ``locator``.</doc>
<arguments>
<arg>${AccountSummaryPageMainTitles}</arg>
</arguments>
<assign>
<var>${webelements}</var>
</assign>
<msg timestamp="20201104 17:34:00.290" level="INFO">${webelements} = [&lt;selenium.webdriver.remote.webelement.WebElement (session="75955a25a1b5c5e6e5bfab076b42502f", element="90185589-b50b-4e4f-80ad-ecb27aaaf811")&gt;, &lt;selenium.webdriver.remote.webelement.WebElement (sessi...</msg>
<status status="PASS" starttime="20201104 17:34:00.282" endtime="20201104 17:34:00.290"></status>
</kw>
<kw name="Get Text" library="SeleniumLibrary">
<doc>Returns the text value of the element identified by ``locator``.</doc>
<arguments>
<arg>${webelements}[1]</arg>
</arguments>
<assign>
<var>${second}</var>
</assign>
<msg timestamp="20201104 17:34:00.300" level="INFO">${second} = Investment Accounts</msg>
<status status="PASS" starttime="20201104 17:34:00.291" endtime="20201104 17:34:00.300"></status>
</kw>
<kw name="Log To Console" library="BuiltIn">
<doc>Logs the given message to the console.</doc>
<arguments>
<arg>${second}</arg>
</arguments>
<status status="PASS" starttime="20201104 17:34:00.300" endtime="20201104 17:34:00.301"></status>
</kw>
<status status="PASS" starttime="20201104 17:34:00.282" endtime="20201104 17:34:00.301"></status>
</kw>
<kw name="Logout WebPage" library="CommonWeb">
<kw name="Click Element" library="SeleniumLibrary">
<doc>Click the element identified by ``locator``.</doc>
<arguments>
<arg>${MainPageUserName}</arg>
</arguments>
<msg timestamp="20201104 17:34:00.302" level="INFO">Clicking element 'css=li.dropdown:nth-child(3) &gt; a'.</msg>
<status status="PASS" starttime="20201104 17:34:00.302" endtime="20201104 17:34:00.337"></status>
</kw>
<kw name="Click Element" library="SeleniumLibrary">
<doc>Click the element identified by ``locator``.</doc>
<arguments>
<arg>${MainPageLogOut}</arg>
</arguments>
<msg timestamp="20201104 17:34:00.338" level="INFO">Clicking element '//a[normalize-space()='Logout']'.</msg>
<status status="PASS" starttime="20201104 17:34:00.338" endtime="20201104 17:34:01.635"></status>
</kw>
<status status="PASS" starttime="20201104 17:34:00.301" endtime="20201104 17:34:01.635"></status>
</kw>
<kw name="Sleep" library="BuiltIn">
<doc>Pauses the test executed for the given time.</doc>
<arguments>
<arg>2</arg>
</arguments>
<msg timestamp="20201104 17:34:03.636" level="INFO">Slept 2 seconds</msg>
<status status="PASS" starttime="20201104 17:34:01.636" endtime="20201104 17:34:03.636"></status>
</kw>
<kw name="End Web Application" library="CommonWeb" type="teardown">
<kw name="Close All Browsers" library="SeleniumLibrary">
<doc>Closes all open browsers and resets the browser cache.</doc>
<status status="PASS" starttime="20201104 17:34:03.637" endtime="20201104 17:34:05.723"></status>
</kw>
<status status="PASS" starttime="20201104 17:34:03.637" endtime="20201104 17:34:05.723"></status>
</kw>
<status status="PASS" starttime="20201104 17:33:52.134" endtime="20201104 17:34:05.723" critical="yes"></status>
</test>
<status status="PASS" starttime="20201104 17:33:51.960" endtime="20201104 17:34:05.725"></status>
</suite>
<statistics>
<total>
<stat pass="1" fail="0">Critical Tests</stat>
<stat pass="1" fail="0">All Tests</stat>
</total>
<tag>
</tag>
<suite>
<stat pass="1" fail="0" id="s1" name="LoginTest">LoginTest</stat>
</suite>
</statistics>
<errors>
<msg timestamp="20201104 17:33:52.124" level="ERROR">Error in file 'C:\development\robotScripts\ZeroBankRobot\Resources\CommonWeb.robot' on line 3: Variable file '..\Webelements.py' does not exist.</msg>
</errors>
</robot>
