<?xml version="1.0" encoding="UTF-8"?>
<robot generator="Robot 3.2.1 (Python 3.8.3 on win32)" generated="20201103 17:17:24.717" rpa="false">
<suite id="s1" name="LoginTest" source="C:\development\robotScripts\ZeroBankRobot\tests\LoginTest.robot">
<test id="s1-t1" name="Login With Valid Credentials">
<kw name="Start Web Application" library="CommonWeb" type="setup">
<kw name="Open Browser" library="SeleniumLibrary">
<doc>Opens a new browser instance to the optional ``url``.</doc>
<arguments>
<arg>${url}</arg>
<arg>${browser}</arg>
</arguments>
<msg timestamp="20201103 17:17:24.880" level="INFO">Opening browser 'chrome' to base url 'http://zero.webappsecurity.com/login.html'.</msg>
<status status="PASS" starttime="20201103 17:17:24.880" endtime="20201103 17:17:29.319"></status>
</kw>
<kw name="Maximize Browser Window" library="SeleniumLibrary">
<doc>Maximizes current browser window.</doc>
<status status="PASS" starttime="20201103 17:17:29.319" endtime="20201103 17:17:31.436"></status>
</kw>
<status status="PASS" starttime="20201103 17:17:24.880" endtime="20201103 17:17:31.436"></status>
</kw>
<kw name="LoginValidCreds">
<arguments>
<arg>${username}</arg>
<arg>${password}</arg>
</arguments>
<kw name="Input Login" library="Login">
<arguments>
<arg>${username}</arg>
</arguments>
<kw name="Input Text" library="SeleniumLibrary">
<doc>Types the given ``text`` into the text field identified by ``locator``.</doc>
<arguments>
<arg>${LoginPageUserNameElement}</arg>
<arg>${username}</arg>
</arguments>
<msg timestamp="20201103 17:17:31.437" level="INFO">Typing text 'username' into text field 'id=user_login'.</msg>
<status status="PASS" starttime="20201103 17:17:31.437" endtime="20201103 17:17:31.493"></status>
</kw>
<status status="PASS" starttime="20201103 17:17:31.437" endtime="20201103 17:17:31.493"></status>
</kw>
<kw name="Input Password" library="Login">
<arguments>
<arg>${password}</arg>
</arguments>
<kw name="Input Text" library="SeleniumLibrary">
<doc>Types the given ``text`` into the text field identified by ``locator``.</doc>
<arguments>
<arg>${LoginPagePasswordElement}</arg>
<arg>${password}</arg>
</arguments>
<msg timestamp="20201103 17:17:31.493" level="INFO">Typing text 'password' into text field 'id=user_password'.</msg>
<status status="PASS" starttime="20201103 17:17:31.493" endtime="20201103 17:17:31.558"></status>
</kw>
<status status="PASS" starttime="20201103 17:17:31.493" endtime="20201103 17:17:31.558"></status>
</kw>
<kw name="Sign In" library="Login">
<kw name="Press Keys" library="SeleniumLibrary">
<doc>Simulates the user pressing key(s) to an element or on the active browser.</doc>
<arguments>
<arg>${LoginPageSubmitButton}</arg>
<arg>[Return]</arg>
</arguments>
<msg timestamp="20201103 17:17:31.558" level="INFO">Sending key(s) ('[Return]',) to name=submit element.</msg>
<msg timestamp="20201103 17:17:33.495" level="INFO">Sending keys [Return]</msg>
<status status="PASS" starttime="20201103 17:17:31.558" endtime="20201103 17:17:33.511"></status>
</kw>
<kw name="Wait Until Element Is Visible" library="SeleniumLibrary">
<doc>Waits until the element ``locator`` is visible.</doc>
<arguments>
<arg>xpath=//a[normalize-space()='Account Summary']</arg>
</arguments>
<status status="PASS" starttime="20201103 17:17:33.511" endtime="20201103 17:17:33.533"></status>
</kw>
<kw name="Title Should Be" library="SeleniumLibrary">
<doc>Verifies that the current page title equals ``title``.</doc>
<arguments>
<arg>${title}</arg>
</arguments>
<msg timestamp="20201103 17:17:33.538" level="INFO">Page title is 'Zero - Account Summary'.</msg>
<status status="PASS" starttime="20201103 17:17:33.533" endtime="20201103 17:17:33.538"></status>
</kw>
<status status="PASS" starttime="20201103 17:17:31.558" endtime="20201103 17:17:33.538"></status>
</kw>
<status status="PASS" starttime="20201103 17:17:31.436" endtime="20201103 17:17:33.538"></status>
</kw>
<kw name="Verify The UserName" library="Login">
<kw name="Get Text" library="SeleniumLibrary">
<doc>Returns the text value of the element identified by ``locator``.</doc>
<arguments>
<arg>css=li.dropdown:nth-child(3) &gt; a</arg>
</arguments>
<assign>
<var>${name}</var>
</assign>
<msg timestamp="20201103 17:17:33.558" level="INFO">${name} = username</msg>
<status status="PASS" starttime="20201103 17:17:33.538" endtime="20201103 17:17:33.558"></status>
</kw>
<kw name="Should Be Equal" library="BuiltIn">
<doc>Fails if the given objects are unequal.</doc>
<arguments>
<arg>${name}</arg>
<arg>${username}</arg>
</arguments>
<status status="PASS" starttime="20201103 17:17:33.558" endtime="20201103 17:17:33.558"></status>
</kw>
<status status="PASS" starttime="20201103 17:17:33.538" endtime="20201103 17:17:33.558"></status>
</kw>
<kw name="End Web Application" library="CommonWeb" type="teardown">
<kw name="Close All Browsers" library="SeleniumLibrary">
<doc>Closes all open browsers and resets the browser cache.</doc>
<status status="PASS" starttime="20201103 17:17:33.559" endtime="20201103 17:17:35.640"></status>
</kw>
<status status="PASS" starttime="20201103 17:17:33.559" endtime="20201103 17:17:35.640"></status>
</kw>
<status status="PASS" starttime="20201103 17:17:24.879" endtime="20201103 17:17:35.641" critical="yes"></status>
</test>
<status status="PASS" starttime="20201103 17:17:24.718" endtime="20201103 17:17:35.642"></status>
</suite>
<statistics>
<total>
<stat pass="1" fail="0">Critical Tests</stat>
<stat pass="1" fail="0">All Tests</stat>
</total>
<tag>
</tag>
<suite>
<stat pass="1" fail="0" id="s1" name="LoginTest">LoginTest</stat>
</suite>
</statistics>
<errors>
</errors>
</robot>
